<?xml version="1.0" encoding="UTF-8" ?>
<testsuite tests="1" failures="0" name="com.mycompany.app.AppTest" time="0.002" errors="0" skipped="0">
  <properties>
    <property name="java.vendor" value="Oracle Corporation"/>
    <property name="JOB_NAME" value="FirstMaven"/>
    <property name="PWD" value="/root/Desktop"/>
    <property name="sun.java.launcher" value="SUN_STANDARD"/>
    <property name="sun.management.compiler" value="HotSpot 64-Bit Tiered Compilers"/>
    <property name="JENKINS_HOME" value="/root/.jenkins"/>
    <property name="PATH" value="/opt/jdk1.8.0_131//bin:/usr/local/sbin:/usr/sbin:/sbin:/usr/local/bin:/usr/bin:/bin:/opt/jdk1.8.0_45/bin:/opt/jdk1.8.0_131/jre/bin:/opt/apache-maven-3.5.0/bin:/usr/local/git/bin:/root/bin:/opt/jdk1.8.0_45/bin:/opt/jdk1.8.0_131/jre/bin:/opt/apache-maven-3.5.0/bin:/usr/local/git/bin"/>
    <property name="HUDSON_SERVER_COOKIE" value="d8c269f800bc4155"/>
    <property name="POM_ARTIFACTID" value="my-app"/>
    <property name="os.name" value="Linux"/>
    <property name="GDM_LANG" value="en_US.UTF-8"/>
    <property name="sun.boot.class.path" value="/opt/jdk1.8.0_131/jre/lib/resources.jar:/opt/jdk1.8.0_131/jre/lib/rt.jar:/opt/jdk1.8.0_131/jre/lib/sunrsasign.jar:/opt/jdk1.8.0_131/jre/lib/jsse.jar:/opt/jdk1.8.0_131/jre/lib/jce.jar:/opt/jdk1.8.0_131/jre/lib/charsets.jar:/opt/jdk1.8.0_131/jre/lib/jfr.jar:/opt/jdk1.8.0_131/jre/classes"/>
    <property name="EXECUTOR_NUMBER" value="0"/>
    <property name="sun.desktop" value="gnome"/>
    <property name="java.vm.specification.vendor" value="Oracle Corporation"/>
    <property name="POM_DISPLAYNAME" value="my-app"/>
    <property name="NODE_LABELS" value="master"/>
    <property name="WINDOWID" value="39845892"/>
    <property name="SSH_ASKPASS" value="/usr/libexec/openssh/gnome-ssh-askpass"/>
    <property name="java.runtime.version" value="1.8.0_131-b11"/>
    <property name="user.name" value="root"/>
    <property name="HISTCONTROL" value="ignoredups"/>
    <property name="guice.disable.misplaced.annotation.check" value="true"/>
    <property name="XDG_SESSION_COOKIE" value="2643b2ebde1bf5695fc30e050000001f-1498885167.770916-49787912"/>
    <property name="GTK_RC_FILES" value="/etc/gtk/gtkrc:/root/.gtkrc-1.2-gnome2"/>
    <property name="user.language" value="en"/>
    <property name="JOB_BASE_NAME" value="FirstMaven"/>
    <property name="RUN_CHANGES_DISPLAY_URL" value="http://172.16.169.128:8080/jenkins/job/FirstMaven/5/display/redirect?page=changes"/>
    <property name="M2" value="/opt/apache-maven-3.5.0/bin"/>
    <property name="BUILD_DISPLAY_NAME" value="#5"/>
    <property name="sun.boot.library.path" value="/opt/jdk1.8.0_131/jre/lib/amd64"/>
    <property name="DISPLAY" value=":0.0"/>
    <property name="GDMSESSION" value="gnome"/>
    <property name="java.version" value="1.8.0_131"/>
    <property name="user.timezone" value="America/Los_Angeles"/>
    <property name="USERNAME" value="root"/>
    <property name="sun.arch.data.model" value="64"/>
    <property name="ORBIT_SOCKETDIR" value="/tmp/orbit-root"/>
    <property name="NODE_NAME" value="master"/>
    <property name="TERM" value="xterm"/>
    <property name="NLSPATH" value="/usr/dt/lib/nls/msg/%L/%N.cat"/>
    <property name="java.endorsed.dirs" value="/opt/jdk1.8.0_131/jre/lib/endorsed"/>
    <property name="BUILD_ID" value="5"/>
    <property name="sun.cpu.isalist" value=""/>
    <property name="GNOME_KEYRING_SOCKET" value="/tmp/keyring-97l2EZ/socket"/>
    <property name="sun.jnu.encoding" value="UTF-8"/>
    <property name="file.encoding.pkg" value="sun.io"/>
    <property name="SHELL" value="/bin/bash"/>
    <property name="file.separator" value="/"/>
    <property name="java.specification.name" value="Java Platform API Specification"/>
    <property name="maven.conf" value="/opt/apache-maven-3.5.0/conf"/>
    <property name="java.class.version" value="52.0"/>
    <property name="org.slf4j.simpleLogger.defaultLogLevel" value="info"/>
    <property name="JRE_HOME" value="/opt/jdk1.8.0_131/jre"/>
    <property name="user.country" value="US"/>
    <property name="securerandom.source" value="file:/dev/./urandom"/>
    <property name="java.home" value="/opt/jdk1.8.0_131/jre"/>
    <property name="java.vm.info" value="mixed mode"/>
    <property name="LESSOPEN" value="||/usr/bin/lesspipe.sh %s"/>
    <property name="os.version" value="2.6.32-696.3.2.el6.x86_64"/>
    <property name="SESSION_MANAGER" value="local/unix:@/tmp/.ICE-unix/14264,unix/unix:/tmp/.ICE-unix/14264"/>
    <property name="WINDOWPATH" value="1"/>
    <property name="RUN_DISPLAY_URL" value="http://172.16.169.128:8080/jenkins/job/FirstMaven/5/display/redirect"/>
    <property name="POM_VERSION" value="1.0-SNAPSHOT"/>
    <property name="sun.font.fontmanager" value="sun.awt.X11FontManager"/>
    <property name="path.separator" value=":"/>
    <property name="java.vm.version" value="25.131-b11"/>
    <property name="JOB_DISPLAY_URL" value="http://172.16.169.128:8080/jenkins/job/FirstMaven/display/redirect"/>
    <property name="DESKTOP_SESSION" value="gnome"/>
    <property name="SHLVL" value="3"/>
    <property name="_" value="/opt/jdk1.8.0_131/jre/bin/java"/>
    <property name="java.awt.printerjob" value="sun.print.PSPrinterJob"/>
    <property name="sun.io.unicode.encoding" value="UnicodeLittle"/>
    <property name="JAVA_HOME" value="/opt/jdk1.8.0_131/"/>
    <property name="awt.toolkit" value="sun.awt.X11.XToolkit"/>
    <property name="LOGNAME" value="root"/>
    <property name="POM_PACKAGING" value="jar"/>
    <property name="GNOME_KEYRING_PID" value="14254"/>
    <property name="HOME" value="/root"/>
    <property name="POM_GROUPID" value="com.mycompany.app"/>
    <property name="G_BROKEN_FILENAMES" value="1"/>
    <property name="user.home" value="/root"/>
    <property name="BUILD_TAG" value="jenkins-FirstMaven-5"/>
    <property name="JENKINS_SERVER_COOKIE" value="d8c269f800bc4155"/>
    <property name="HUDSON_URL" value="http://172.16.169.128:8080/jenkins/"/>
    <property name="DBUS_SESSION_BUS_ADDRESS" value="unix:abstract=/tmp/dbus-cInG9waHru,guid=6c7647f43cc31bce87ae431300000065"/>
    <property name="java.specification.vendor" value="Oracle Corporation"/>
    <property name="CLASSPATH" value=""/>
    <property name="java.vendor.url" value="http://java.oracle.com/"/>
    <property name="java.library.path" value="/usr/java/packages/lib/amd64:/usr/lib64:/lib64:/lib:/usr/lib"/>
    <property name="java.vm.vendor" value="Oracle Corporation"/>
    <property name="HISTSIZE" value="1000"/>
    <property name="java.runtime.name" value="Java(TM) SE Runtime Environment"/>
    <property name="maven.home" value="/opt/apache-maven-3.5.0"/>
    <property name="java.class.path" value="/root/.jenkins/plugins/maven-plugin/WEB-INF/lib/maven35-agent-1.11.jar:/opt/apache-maven-3.5.0/boot/plexus-classworlds-2.5.2.jar:/opt/apache-maven-3.5.0/conf/logging"/>
    <property name="sun.java.command" value="jenkins.maven3.agent.Maven35Main /opt/apache-maven-3.5.0 /opt/apache-tomcat-9.0.0.M21/webapps/jenkins/WEB-INF/lib/remoting-3.7.jar /root/.jenkins/plugins/maven-plugin/WEB-INF/lib/maven35-interceptor-1.11.jar /root/.jenkins/plugins/maven-plugin/WEB-INF/lib/maven3-interceptor-commons-1.11.jar 41850"/>
    <property name="java.vm.specification.name" value="Java Virtual Machine Specification"/>
    <property name="PATH+JDK" value="/opt/jdk1.8.0_131//bin"/>
    <property name="java.vm.specification.version" value="1.8"/>
    <property name="sun.os.patch.level" value="unknown"/>
    <property name="sun.cpu.endian" value="little"/>
    <property name="M2_HOME" value="/opt/apache-maven-3.5.0"/>
    <property name="MAIL" value="/var/spool/mail/root"/>
    <property name="java.io.tmpdir" value="/tmp"/>
    <property name="HOSTNAME" value="YUMServerMachine"/>
    <property name="HUDSON_HOME" value="/root/.jenkins"/>
    <property name="PATH+MAVEN" value="/opt/apache-maven-3.5.0/bin"/>
    <property name="BUILD_URL" value="http://172.16.169.128:8080/jenkins/job/FirstMaven/5/"/>
    <property name="java.vendor.url.bug" value="http://bugreport.sun.com/bugreport/"/>
    <property name="LS_COLORS" value="rs=0:di=01;34:ln=01;36:mh=00:pi=40;33:so=01;35:do=01;35:bd=40;33;01:cd=40;33;01:or=40;31;01:mi=01;05;37;41:su=37;41:sg=30;43:ca=30;41:tw=30;42:ow=34;42:st=37;44:ex=01;32:*.tar=01;31:*.tgz=01;31:*.arj=01;31:*.taz=01;31:*.lzh=01;31:*.lzma=01;31:*.tlz=01;31:*.txz=01;31:*.zip=01;31:*.z=01;31:*.Z=01;31:*.dz=01;31:*.gz=01;31:*.lz=01;31:*.xz=01;31:*.bz2=01;31:*.tbz=01;31:*.tbz2=01;31:*.bz=01;31:*.tz=01;31:*.deb=01;31:*.rpm=01;31:*.jar=01;31:*.rar=01;31:*.ace=01;31:*.zoo=01;31:*.cpio=01;31:*.7z=01;31:*.rz=01;31:*.jpg=01;35:*.jpeg=01;35:*.gif=01;35:*.bmp=01;35:*.pbm=01;35:*.pgm=01;35:*.ppm=01;35:*.tga=01;35:*.xbm=01;35:*.xpm=01;35:*.tif=01;35:*.tiff=01;35:*.png=01;35:*.svg=01;35:*.svgz=01;35:*.mng=01;35:*.pcx=01;35:*.mov=01;35:*.mpg=01;35:*.mpeg=01;35:*.m2v=01;35:*.mkv=01;35:*.ogm=01;35:*.mp4=01;35:*.m4v=01;35:*.mp4v=01;35:*.vob=01;35:*.qt=01;35:*.nuv=01;35:*.wmv=01;35:*.asf=01;35:*.rm=01;35:*.rmvb=01;35:*.flc=01;35:*.avi=01;35:*.fli=01;35:*.flv=01;35:*.gl=01;35:*.dl=01;35:*.xcf=01;35:*.xwd=01;35:*.yuv=01;35:*.cgm=01;35:*.emf=01;35:*.axv=01;35:*.anx=01;35:*.ogv=01;35:*.ogx=01;35:*.aac=01;36:*.au=01;36:*.flac=01;36:*.mid=01;36:*.midi=01;36:*.mka=01;36:*.mp3=01;36:*.mpc=01;36:*.ogg=01;36:*.ra=01;36:*.wav=01;36:*.axa=01;36:*.oga=01;36:*.spx=01;36:*.xspf=01;36:"/>
    <property name="GNOME_DESKTOP_SESSION_ID" value="this-is-deprecated"/>
    <property name="SSH_AUTH_SOCK" value="/tmp/keyring-97l2EZ/socket.ssh"/>
    <property name="java.awt.graphicsenv" value="sun.awt.X11GraphicsEnvironment"/>
    <property name="os.arch" value="amd64"/>
    <property name="java.ext.dirs" value="/opt/jdk1.8.0_131/jre/lib/ext:/usr/java/packages/lib/ext"/>
    <property name="user.dir" value="/root/Desktop/Devops/Maven/my-app"/>
    <property name="JOB_URL" value="http://172.16.169.128:8080/jenkins/job/FirstMaven/"/>
    <property name="line.separator" value="
"/>
    <property name="MAVEN_HOME" value="/opt/apache-maven-3.5.0"/>
    <property name="XAUTHORITY" value="/var/run/gdm/auth-for-root-AaiCpv/database"/>
    <property name="java.vm.name" value="Java HotSpot(TM) 64-Bit Server VM"/>
    <property name="BUILD_NUMBER" value="5"/>
    <property name="JENKINS_URL" value="http://172.16.169.128:8080/jenkins/"/>
    <property name="GDM_KEYBOARD_LAYOUT" value="us"/>
    <property name="COLORTERM" value="gnome-terminal"/>
    <property name="file.encoding" value="UTF-8"/>
    <property name="LANG" value="en_US.UTF-8"/>
    <property name="maven3.interceptor" value="/root/.jenkins/plugins/maven-plugin/WEB-INF/lib/maven35-interceptor-1.11.jar"/>
    <property name="CVS_RSH" value="ssh"/>
    <property name="WORKSPACE" value="/root/.jenkins/workspace/FirstMaven"/>
    <property name="maven3.interceptor.common" value="/root/.jenkins/plugins/maven-plugin/WEB-INF/lib/maven3-interceptor-commons-1.11.jar"/>
    <property name="java.specification.version" value="1.8"/>
    <property name="USER" value="root"/>
    <property name="XFILESEARCHPATH" value="/usr/dt/app-defaults/%L/Dt"/>
  </properties>
  <testcase classname="com.mycompany.app.AppTest" name="testApp" time="0.002"/>
</testsuite>